[1008/143731.217:ERROR:process_reader_win.cc(123)] NtOpenThread: {Access Denied} A process has requested access to an object, but has not been granted those access rights. (0xc0000022)
[1008/143731.219:ERROR:exception_snapshot_win.cc(98)] thread ID 16992 not found in process
[1010/092029.708:ERROR:process_reader_win.cc(123)] NtOpenThread: {Access Denied} A process has requested access to an object, but has not been granted those access rights. (0xc0000022)
[1010/092029.717:ERROR:exception_snapshot_win.cc(98)] thread ID 13744 not found in process
[1010/092029.828:ERROR:process_reader_win.cc(123)] NtOpenThread: {Access Denied} A process has requested access to an object, but has not been granted those access rights. (0xc0000022)
[1010/092029.829:ERROR:exception_snapshot_win.cc(98)] thread ID 29828 not found in process
[1010/093036.801:ERROR:process_reader_win.cc(123)] NtOpenThread: {Access Denied} A process has requested access to an object, but has not been granted those access rights. (0xc0000022)
[1010/093036.802:ERROR:exception_snapshot_win.cc(98)] thread ID 29756 not found in process
[1010/093036.812:ERROR:process_reader_win.cc(123)] NtOpenThread: {Access Denied} A process has requested access to an object, but has not been granted those access rights. (0xc0000022)
[1010/093036.813:ERROR:exception_snapshot_win.cc(98)] thread ID 2712 not found in process
[1010/093037.012:ERROR:process_reader_win.cc(123)] NtOpenThread: {Access Denied} A process has requested access to an object, but has not been granted those access rights. (0xc0000022)
[1010/093037.012:ERROR:exception_snapshot_win.cc(98)] thread ID 14668 not found in process
[1010/093037.033:ERROR:process_reader_win.cc(123)] NtOpenThread: {Access Denied} A process has requested access to an object, but has not been granted those access rights. (0xc0000022)
[1010/093037.033:ERROR:exception_snapshot_win.cc(98)] thread ID 23840 not found in process
[1010/093408.050:ERROR:process_reader_win.cc(123)] NtOpenThread: {Access Denied} A process has requested access to an object, but has not been granted those access rights. (0xc0000022)
[1010/093408.051:ERROR:exception_snapshot_win.cc(98)] thread ID 16092 not found in process
[1010/093408.133:ERROR:process_reader_win.cc(123)] NtOpenThread: {Access Denied} A process has requested access to an object, but has not been granted those access rights. (0xc0000022)
[1010/093408.134:ERROR:exception_snapshot_win.cc(98)] thread ID 15736 not found in process
[1010/093607.459:ERROR:process_reader_win.cc(123)] NtOpenThread: {Access Denied} A process has requested access to an object, but has not been granted those access rights. (0xc0000022)
[1010/093607.460:ERROR:exception_snapshot_win.cc(98)] thread ID 25988 not found in process
[1010/093607.530:ERROR:process_reader_win.cc(123)] NtOpenThread: {Access Denied} A process has requested access to an object, but has not been granted those access rights. (0xc0000022)
[1010/093607.531:ERROR:exception_snapshot_win.cc(98)] thread ID 25100 not found in process
[1010/094818.419:ERROR:process_reader_win.cc(123)] NtOpenThread: {Access Denied} A process has requested access to an object, but has not been granted those access rights. (0xc0000022)
[1010/094818.421:ERROR:exception_snapshot_win.cc(98)] thread ID 32276 not found in process
[1010/094818.562:ERROR:process_reader_win.cc(123)] NtOpenThread: {Access Denied} A process has requested access to an object, but has not been granted those access rights. (0xc0000022)
[1010/094818.563:ERROR:exception_snapshot_win.cc(98)] thread ID 25824 not found in process
[1010/094818.584:ERROR:process_reader_win.cc(123)] NtOpenThread: {Access Denied} A process has requested access to an object, but has not been granted those access rights. (0xc0000022)
[1010/094818.585:ERROR:exception_snapshot_win.cc(98)] thread ID 29604 not found in process
[1010/094818.614:ERROR:process_reader_win.cc(123)] NtOpenThread: {Access Denied} A process has requested access to an object, but has not been granted those access rights. (0xc0000022)
[1010/094818.615:ERROR:exception_snapshot_win.cc(98)] thread ID 21140 not found in process
[1010/094818.643:ERROR:process_reader_win.cc(123)] NtOpenThread: {Access Denied} A process has requested access to an object, but has not been granted those access rights. (0xc0000022)
[1010/094818.644:ERROR:exception_snapshot_win.cc(98)] thread ID 17080 not found in process
[1010/110052.430:ERROR:process_reader_win.cc(123)] NtOpenThread: {Access Denied} A process has requested access to an object, but has not been granted those access rights. (0xc0000022)
[1010/110052.431:ERROR:exception_snapshot_win.cc(98)] thread ID 31928 not found in process
[1010/110052.533:ERROR:process_reader_win.cc(123)] NtOpenThread: {Access Denied} A process has requested access to an object, but has not been granted those access rights. (0xc0000022)
[1010/110052.533:ERROR:exception_snapshot_win.cc(98)] thread ID 15348 not found in process
[1010/110052.548:ERROR:process_reader_win.cc(123)] NtOpenThread: {Access Denied} A process has requested access to an object, but has not been granted those access rights. (0xc0000022)
[1010/110052.549:ERROR:exception_snapshot_win.cc(98)] thread ID 30524 not found in process
[1010/110052.638:ERROR:process_reader_win.cc(123)] NtOpenThread: {Access Denied} A process has requested access to an object, but has not been granted those access rights. (0xc0000022)
[1010/110052.639:ERROR:exception_snapshot_win.cc(98)] thread ID 1036 not found in process
[1010/110052.719:ERROR:process_reader_win.cc(123)] NtOpenThread: {Access Denied} A process has requested access to an object, but has not been granted those access rights. (0xc0000022)
[1010/110052.720:ERROR:exception_snapshot_win.cc(98)] thread ID 7712 not found in process
[1010/110052.727:ERROR:process_reader_win.cc(123)] NtOpenThread: {Access Denied} A process has requested access to an object, but has not been granted those access rights. (0xc0000022)
[1010/110052.728:ERROR:exception_snapshot_win.cc(98)] thread ID 18960 not found in process
[1010/111007.704:ERROR:process_reader_win.cc(123)] NtOpenThread: {Access Denied} A process has requested access to an object, but has not been granted those access rights. (0xc0000022)
[1010/111007.704:ERROR:exception_snapshot_win.cc(98)] thread ID 27776 not found in process
[1010/111007.737:ERROR:process_reader_win.cc(123)] NtOpenThread: {Access Denied} A process has requested access to an object, but has not been granted those access rights. (0xc0000022)
[1010/111007.738:ERROR:exception_snapshot_win.cc(98)] thread ID 16848 not found in process
[1010/111732.749:ERROR:process_reader_win.cc(123)] NtOpenThread: {Access Denied} A process has requested access to an object, but has not been granted those access rights. (0xc0000022)
[1010/111732.750:ERROR:exception_snapshot_win.cc(98)] thread ID 25392 not found in process
[1010/111732.847:ERROR:process_reader_win.cc(123)] NtOpenThread: {Access Denied} A process has requested access to an object, but has not been granted those access rights. (0xc0000022)
[1010/111732.848:ERROR:exception_snapshot_win.cc(98)] thread ID 25456 not found in process
[1010/111732.889:ERROR:process_reader_win.cc(123)] NtOpenThread: {Access Denied} A process has requested access to an object, but has not been granted those access rights. (0xc0000022)
[1010/111732.890:ERROR:exception_snapshot_win.cc(98)] thread ID 19544 not found in process
[1010/122636.679:ERROR:process_reader_win.cc(123)] NtOpenThread: {Access Denied} A process has requested access to an object, but has not been granted those access rights. (0xc0000022)
[1010/122636.679:ERROR:exception_snapshot_win.cc(98)] thread ID 23360 not found in process
[1010/122636.699:ERROR:process_reader_win.cc(123)] NtOpenThread: {Access Denied} A process has requested access to an object, but has not been granted those access rights. (0xc0000022)
[1010/122636.700:ERROR:exception_snapshot_win.cc(98)] thread ID 500 not found in process
[1010/124912.754:ERROR:process_reader_win.cc(123)] NtOpenThread: {Access Denied} A process has requested access to an object, but has not been granted those access rights. (0xc0000022)
[1010/124912.755:ERROR:exception_snapshot_win.cc(98)] thread ID 23876 not found in process
[1010/133258.285:ERROR:process_reader_win.cc(123)] NtOpenThread: {Access Denied} A process has requested access to an object, but has not been granted those access rights. (0xc0000022)
[1010/133258.287:ERROR:exception_snapshot_win.cc(98)] thread ID 25880 not found in process
[1010/133258.543:ERROR:process_reader_win.cc(123)] NtOpenThread: {Access Denied} A process has requested access to an object, but has not been granted those access rights. (0xc0000022)
[1010/133258.544:ERROR:exception_snapshot_win.cc(98)] thread ID 31228 not found in process
[1010/133258.599:ERROR:process_reader_win.cc(123)] NtOpenThread: {Access Denied} A process has requested access to an object, but has not been granted those access rights. (0xc0000022)
[1010/133258.599:ERROR:exception_snapshot_win.cc(98)] thread ID 31188 not found in process
[1010/135551.624:ERROR:process_reader_win.cc(123)] NtOpenThread: {Access Denied} A process has requested access to an object, but has not been granted those access rights. (0xc0000022)
[1010/135551.626:ERROR:exception_snapshot_win.cc(98)] thread ID 30384 not found in process
[1010/223725.115:ERROR:file_io_win.cc(170)] CreateFile C:\Users\yangb\AppData\Local\Temp\scoped_dir24976_1664594199\Crashpad\reports\5b4c74c1-9c29-4547-8e33-7c193d5b8bcd.dmp: The system cannot find the path specified. (0x3)
[1010/223725.115:ERROR:crash_report_exception_handler.cc(97)] PrepareNewCrashReport failed
[1014/110435.604:ERROR:process_reader_win.cc(123)] NtOpenThread: {Access Denied} A process has requested access to an object, but has not been granted those access rights. (0xc0000022)
[1014/110435.609:ERROR:exception_snapshot_win.cc(98)] thread ID 33788 not found in process
[1014/110435.791:ERROR:process_reader_win.cc(123)] NtOpenThread: {Access Denied} A process has requested access to an object, but has not been granted those access rights. (0xc0000022)
[1014/110435.792:ERROR:exception_snapshot_win.cc(98)] thread ID 32036 not found in process
[1014/110435.984:ERROR:process_reader_win.cc(123)] NtOpenThread: {Access Denied} A process has requested access to an object, but has not been granted those access rights. (0xc0000022)
[1014/110435.985:ERROR:exception_snapshot_win.cc(98)] thread ID 30424 not found in process
[1014/110436.073:ERROR:process_reader_win.cc(123)] NtOpenThread: {Access Denied} A process has requested access to an object, but has not been granted those access rights. (0xc0000022)
[1014/110436.074:ERROR:exception_snapshot_win.cc(98)] thread ID 13916 not found in process
[1014/110436.093:ERROR:process_reader_win.cc(123)] NtOpenThread: {Access Denied} A process has requested access to an object, but has not been granted those access rights. (0xc0000022)
[1014/110436.095:ERROR:exception_snapshot_win.cc(98)] thread ID 31800 not found in process
[1014/110436.122:ERROR:process_reader_win.cc(123)] NtOpenThread: {Access Denied} A process has requested access to an object, but has not been granted those access rights. (0xc0000022)
[1014/110436.123:ERROR:exception_snapshot_win.cc(98)] thread ID 32120 not found in process
[1014/110436.189:ERROR:process_reader_win.cc(123)] NtOpenThread: {Access Denied} A process has requested access to an object, but has not been granted those access rights. (0xc0000022)
[1014/110436.190:ERROR:exception_snapshot_win.cc(98)] thread ID 33764 not found in process
[1014/111604.470:ERROR:process_reader_win.cc(123)] NtOpenThread: {Access Denied} A process has requested access to an object, but has not been granted those access rights. (0xc0000022)
[1014/111604.471:ERROR:exception_snapshot_win.cc(98)] thread ID 26480 not found in process
[1014/111604.483:ERROR:process_reader_win.cc(123)] NtOpenThread: {Access Denied} A process has requested access to an object, but has not been granted those access rights. (0xc0000022)
[1014/111604.484:ERROR:exception_snapshot_win.cc(98)] thread ID 34732 not found in process
[1014/111604.544:ERROR:process_reader_win.cc(123)] NtOpenThread: {Access Denied} A process has requested access to an object, but has not been granted those access rights. (0xc0000022)
[1014/111604.546:ERROR:exception_snapshot_win.cc(98)] thread ID 6560 not found in process
[1014/111604.622:ERROR:process_reader_win.cc(123)] NtOpenThread: {Access Denied} A process has requested access to an object, but has not been granted those access rights. (0xc0000022)
[1014/111604.623:ERROR:exception_snapshot_win.cc(98)] thread ID 31160 not found in process
[1014/111604.685:ERROR:process_reader_win.cc(123)] NtOpenThread: {Access Denied} A process has requested access to an object, but has not been granted those access rights. (0xc0000022)
[1014/111604.686:ERROR:exception_snapshot_win.cc(98)] thread ID 30544 not found in process
[1014/111604.734:ERROR:process_reader_win.cc(123)] NtOpenThread: {Access Denied} A process has requested access to an object, but has not been granted those access rights. (0xc0000022)
[1014/111604.734:ERROR:exception_snapshot_win.cc(98)] thread ID 26936 not found in process
[1014/112619.777:ERROR:process_reader_win.cc(123)] NtOpenThread: {Access Denied} A process has requested access to an object, but has not been granted those access rights. (0xc0000022)
[1014/112619.778:ERROR:exception_snapshot_win.cc(98)] thread ID 31564 not found in process
[1014/112619.840:ERROR:process_reader_win.cc(123)] NtOpenThread: {Access Denied} A process has requested access to an object, but has not been granted those access rights. (0xc0000022)
[1014/112619.841:ERROR:exception_snapshot_win.cc(98)] thread ID 30428 not found in process
[1014/112620.078:ERROR:process_reader_win.cc(123)] NtOpenThread: {Access Denied} A process has requested access to an object, but has not been granted those access rights. (0xc0000022)
[1014/112620.078:ERROR:exception_snapshot_win.cc(98)] thread ID 32176 not found in process
[1014/112750.818:ERROR:process_reader_win.cc(123)] NtOpenThread: {Access Denied} A process has requested access to an object, but has not been granted those access rights. (0xc0000022)
[1014/112750.819:ERROR:exception_snapshot_win.cc(98)] thread ID 16428 not found in process
[1014/112750.986:ERROR:process_reader_win.cc(123)] NtOpenThread: {Access Denied} A process has requested access to an object, but has not been granted those access rights. (0xc0000022)
[1014/112750.986:ERROR:exception_snapshot_win.cc(98)] thread ID 9280 not found in process
[1014/113444.095:ERROR:process_reader_win.cc(123)] NtOpenThread: {Access Denied} A process has requested access to an object, but has not been granted those access rights. (0xc0000022)
[1014/113444.095:ERROR:exception_snapshot_win.cc(98)] thread ID 26064 not found in process
[1014/115437.477:ERROR:process_reader_win.cc(123)] NtOpenThread: {Access Denied} A process has requested access to an object, but has not been granted those access rights. (0xc0000022)
[1014/115437.478:ERROR:exception_snapshot_win.cc(98)] thread ID 34572 not found in process
[1014/115437.479:ERROR:process_reader_win.cc(123)] NtOpenThread: {Access Denied} A process has requested access to an object, but has not been granted those access rights. (0xc0000022)
[1014/115437.480:ERROR:exception_snapshot_win.cc(98)] thread ID 33312 not found in process
[1014/115437.746:ERROR:process_reader_win.cc(123)] NtOpenThread: {Access Denied} A process has requested access to an object, but has not been granted those access rights. (0xc0000022)
[1014/115437.747:ERROR:exception_snapshot_win.cc(98)] thread ID 20148 not found in process
[1014/120713.294:ERROR:process_reader_win.cc(123)] NtOpenThread: {Access Denied} A process has requested access to an object, but has not been granted those access rights. (0xc0000022)
[1014/120713.295:ERROR:exception_snapshot_win.cc(98)] thread ID 15844 not found in process
[1014/162505.475:ERROR:process_reader_win.cc(123)] NtOpenThread: {Access Denied} A process has requested access to an object, but has not been granted those access rights. (0xc0000022)
[1014/162505.476:ERROR:exception_snapshot_win.cc(98)] thread ID 8848 not found in process
[1014/162505.732:ERROR:process_reader_win.cc(123)] NtOpenThread: {Access Denied} A process has requested access to an object, but has not been granted those access rights. (0xc0000022)
[1014/162505.732:ERROR:exception_snapshot_win.cc(98)] thread ID 33920 not found in process
[1014/162505.796:ERROR:process_reader_win.cc(123)] NtOpenThread: {Access Denied} A process has requested access to an object, but has not been granted those access rights. (0xc0000022)
[1014/162505.798:ERROR:exception_snapshot_win.cc(98)] thread ID 14872 not found in process
[1015/104524.963:ERROR:process_reader_win.cc(123)] NtOpenThread: {Access Denied} A process has requested access to an object, but has not been granted those access rights. (0xc0000022)
[1015/104524.971:ERROR:exception_snapshot_win.cc(98)] thread ID 28444 not found in process
[1015/104525.004:ERROR:process_reader_win.cc(123)] NtOpenThread: {Access Denied} A process has requested access to an object, but has not been granted those access rights. (0xc0000022)
[1015/104525.005:ERROR:exception_snapshot_win.cc(98)] thread ID 18528 not found in process
[1015/104525.026:ERROR:process_reader_win.cc(123)] NtOpenThread: {Access Denied} A process has requested access to an object, but has not been granted those access rights. (0xc0000022)
[1015/104525.026:ERROR:exception_snapshot_win.cc(98)] thread ID 31924 not found in process
[1015/104805.459:ERROR:process_reader_win.cc(123)] NtOpenThread: {Access Denied} A process has requested access to an object, but has not been granted those access rights. (0xc0000022)
[1015/104805.460:ERROR:exception_snapshot_win.cc(98)] thread ID 8828 not found in process
[1015/104831.691:ERROR:process_reader_win.cc(123)] NtOpenThread: {Access Denied} A process has requested access to an object, but has not been granted those access rights. (0xc0000022)
[1015/104831.692:ERROR:exception_snapshot_win.cc(98)] thread ID 2416 not found in process
[1015/105539.987:ERROR:process_reader_win.cc(123)] NtOpenThread: {Access Denied} A process has requested access to an object, but has not been granted those access rights. (0xc0000022)
[1015/105539.988:ERROR:exception_snapshot_win.cc(98)] thread ID 32960 not found in process
[1015/105540.019:ERROR:process_reader_win.cc(123)] NtOpenThread: {Access Denied} A process has requested access to an object, but has not been granted those access rights. (0xc0000022)
[1015/105540.020:ERROR:exception_snapshot_win.cc(98)] thread ID 14392 not found in process
[1015/105540.066:ERROR:process_reader_win.cc(123)] NtOpenThread: {Access Denied} A process has requested access to an object, but has not been granted those access rights. (0xc0000022)
[1015/105540.066:ERROR:exception_snapshot_win.cc(98)] thread ID 10836 not found in process
[1015/105540.096:ERROR:process_reader_win.cc(123)] NtOpenThread: {Access Denied} A process has requested access to an object, but has not been granted those access rights. (0xc0000022)
[1015/105540.096:ERROR:exception_snapshot_win.cc(98)] thread ID 22308 not found in process
[1015/105540.114:ERROR:process_reader_win.cc(123)] NtOpenThread: {Access Denied} A process has requested access to an object, but has not been granted those access rights. (0xc0000022)
[1015/105540.115:ERROR:exception_snapshot_win.cc(98)] thread ID 24256 not found in process
[1015/111152.067:ERROR:process_reader_win.cc(123)] NtOpenThread: {Access Denied} A process has requested access to an object, but has not been granted those access rights. (0xc0000022)
[1015/111152.068:ERROR:exception_snapshot_win.cc(98)] thread ID 33772 not found in process
[1015/111152.073:ERROR:process_reader_win.cc(123)] NtOpenThread: {Access Denied} A process has requested access to an object, but has not been granted those access rights. (0xc0000022)
[1015/111152.073:ERROR:exception_snapshot_win.cc(98)] thread ID 32328 not found in process
[1015/112907.568:ERROR:process_reader_win.cc(123)] NtOpenThread: {Access Denied} A process has requested access to an object, but has not been granted those access rights. (0xc0000022)
[1015/112907.570:ERROR:exception_snapshot_win.cc(98)] thread ID 31320 not found in process
[1015/112907.645:ERROR:process_reader_win.cc(123)] NtOpenThread: {Access Denied} A process has requested access to an object, but has not been granted those access rights. (0xc0000022)
[1015/112907.646:ERROR:exception_snapshot_win.cc(98)] thread ID 7328 not found in process
[1015/112907.682:ERROR:process_reader_win.cc(123)] NtOpenThread: {Access Denied} A process has requested access to an object, but has not been granted those access rights. (0xc0000022)
[1015/112907.684:ERROR:exception_snapshot_win.cc(98)] thread ID 26156 not found in process
[1015/112907.837:ERROR:process_reader_win.cc(151)] SuspendThread: Access is denied. (0x5)
[1015/112907.838:ERROR:process_reader_win.cc(151)] SuspendThread: Access is denied. (0x5)
[1015/112907.838:ERROR:process_reader_win.cc(151)] SuspendThread: Access is denied. (0x5)
[1015/112907.838:ERROR:process_reader_win.cc(123)] NtOpenThread: {Access Denied} A process has requested access to an object, but has not been granted those access rights. (0xc0000022)
[1015/112907.839:ERROR:exception_snapshot_win.cc(98)] thread ID 30700 not found in process
[1015/112907.996:ERROR:process_reader_win.cc(123)] NtOpenThread: {Access Denied} A process has requested access to an object, but has not been granted those access rights. (0xc0000022)
[1015/112907.998:ERROR:exception_snapshot_win.cc(98)] thread ID 16244 not found in process
[1015/112908.016:ERROR:process_reader_win.cc(123)] NtOpenThread: {Access Denied} A process has requested access to an object, but has not been granted those access rights. (0xc0000022)
[1015/112908.018:ERROR:exception_snapshot_win.cc(98)] thread ID 28688 not found in process
[1015/112908.094:ERROR:process_reader_win.cc(123)] NtOpenThread: {Access Denied} A process has requested access to an object, but has not been granted those access rights. (0xc0000022)
[1015/112908.095:ERROR:exception_snapshot_win.cc(98)] thread ID 30124 not found in process
[1015/112908.179:ERROR:process_reader_win.cc(123)] NtOpenThread: {Access Denied} A process has requested access to an object, but has not been granted those access rights. (0xc0000022)
[1015/112908.180:ERROR:exception_snapshot_win.cc(98)] thread ID 33416 not found in process
[1015/122852.731:ERROR:file_io_win.cc(170)] CreateFile C:\Users\yangb\AppData\Local\Temp\scoped_dir24976_1664594199\Crashpad\reports\a41490b5-82a6-4d60-b380-6c2321b5d59c.dmp: The system cannot find the path specified. (0x3)
[1015/122852.731:ERROR:crash_report_exception_handler.cc(97)] PrepareNewCrashReport failed
[1017/151851.197:ERROR:process_reader_win.cc(123)] NtOpenThread: {Access Denied} A process has requested access to an object, but has not been granted those access rights. (0xc0000022)
[1017/151851.199:ERROR:exception_snapshot_win.cc(98)] thread ID 25092 not found in process
[1017/152341.581:ERROR:process_reader_win.cc(123)] NtOpenThread: {Access Denied} A process has requested access to an object, but has not been granted those access rights. (0xc0000022)
[1017/152341.582:ERROR:exception_snapshot_win.cc(98)] thread ID 15460 not found in process
[1017/160553.395:ERROR:process_reader_win.cc(123)] NtOpenThread: {Access Denied} A process has requested access to an object, but has not been granted those access rights. (0xc0000022)
[1017/160553.396:ERROR:exception_snapshot_win.cc(98)] thread ID 26228 not found in process
[1017/160553.405:ERROR:process_reader_win.cc(123)] NtOpenThread: {Access Denied} A process has requested access to an object, but has not been granted those access rights. (0xc0000022)
[1017/160553.406:ERROR:exception_snapshot_win.cc(98)] thread ID 23336 not found in process
[1017/160805.725:ERROR:process_reader_win.cc(123)] NtOpenThread: {Access Denied} A process has requested access to an object, but has not been granted those access rights. (0xc0000022)
[1017/160805.725:ERROR:exception_snapshot_win.cc(98)] thread ID 12728 not found in process
[1017/160805.818:ERROR:process_reader_win.cc(123)] NtOpenThread: {Access Denied} A process has requested access to an object, but has not been granted those access rights. (0xc0000022)
[1017/160805.819:ERROR:exception_snapshot_win.cc(98)] thread ID 11116 not found in process
[1021/104648.682:ERROR:process_reader_win.cc(123)] NtOpenThread: {Access Denied} A process has requested access to an object, but has not been granted those access rights. (0xc0000022)
[1021/104648.683:ERROR:exception_snapshot_win.cc(98)] thread ID 13844 not found in process
[1021/104753.847:ERROR:process_reader_win.cc(123)] NtOpenThread: {Access Denied} A process has requested access to an object, but has not been granted those access rights. (0xc0000022)
[1021/104753.848:ERROR:exception_snapshot_win.cc(98)] thread ID 33472 not found in process
